{"message": null, "levelname": "INFO", "name": "openpifpaf.logs", "asctime": "2019-11-11 22:28:35,833", "type": "process", "argv": ["/home/maximebonnesoeur/semester_project/openpifpaf/openpifpaf/train.py", "-o", "/home/maximebonnesoeur/semester_project/openpifpaf/models", "--n-images", "10", "--epochs", "100", "--basenet", "shufflenetv2x1", "--rescale-images", "0.4", "--headnets", "pif", "paf"], "args": {"debug": false, "checkpoint": null, "dilation": null, "dilation_end": null, "basenet": "shufflenetv2x1", "headnets": ["pif", "paf"], "pretrained": true, "two_scale": false, "head_dropout": 0.0, "head_quad": 0, "head_kernel_size": 1, "head_padding": 0, "head_dilation": 1, "lambdas": [30.0, 2.0, 2.0, 50.0, 3.0, 3.0], "r_smooth": 0.0, "regression_loss": "laplace", "background_weight": 1.0, "paf_multiplicity_correction": false, "paf_independence_scale": 3.0, "paf_min_size": 3, "paf_fixed_size": false, "paf_aspect_ratio": 0.0, "pif_side_length": 4, "momentum": 0.9, "beta2": 0.999, "adam_eps": 1e-06, "nesterov": true, "weight_decay": 0.0, "adam": false, "amsgrad": false, "lr": 0.001, "lr_decay": [], "lr_burn_in_epochs": 3, "lr_burn_in_factor": 0.01, "lr_gamma": 0.1, "train_annotations": "/data/samsung-191018/results_coco/car_train.json", "train_image_dir": "/data/samsung-191018/data_samsung_190722", "val_annotations": "/data/samsung-191018/results_coco/car_val.json", "val_image_dir": "/data/samsung-191018/data_samsung_190722", "pre_n_images": 8000, "n_images": 10, "duplicate_data": null, "pre_duplicate_data": null, "loader_workers": 2, "batch_size": 8, "output": "/home/maximebonnesoeur/semester_project/openpifpaf/models", "stride_apply": 1, "epochs": 100, "freeze_base": 0, "pre_lr": 0.0001, "rescale_images": 0.4, "orientation_invariant": false, "update_batchnorm_runningstatistics": false, "square_edge": 401, "ema": 0.001, "debug_without_plots": false, "profile": null, "disable_cuda": false, "augmentation": true, "device": "cuda", "pin_memory": true}, "version": "0.9.0", "hostname": "vita-workstation2"}
{"message": "selected head CompositeField for pif", "levelname": "INFO", "name": "openpifpaf.network.nets", "asctime": "2019-11-11 22:28:35,890"}
{"message": "selected head CompositeField for paf", "levelname": "INFO", "name": "openpifpaf.network.nets", "asctime": "2019-11-11 22:28:35,891"}
{"message": "multihead loss: ['pif.c', 'pif.vec1', 'pif.scales1', 'paf.c', 'paf.vec1', 'paf.vec2'], [30.0, 2.0, 2.0, 50.0, 3.0, 3.0]", "levelname": "INFO", "name": "openpifpaf.network.losses", "asctime": "2019-11-11 22:28:39,220"}
{"message": "selected encoder Pif for pif", "levelname": "INFO", "name": "openpifpaf.encoder.factory", "asctime": "2019-11-11 22:28:39,221"}
{"message": "selected encoder Paf for paf", "levelname": "INFO", "name": "openpifpaf.encoder.factory", "asctime": "2019-11-11 22:28:39,221"}
{"message": "SGD optimizer", "levelname": "INFO", "name": "openpifpaf.optimize", "asctime": "2019-11-11 22:28:39,333"}
{"message": null, "levelname": "INFO", "name": "openpifpaf.network.trainer", "asctime": "2019-11-11 22:28:39,334", "type": "config", "field_names": ["pif.c", "pif.vec1", "pif.scales1", "paf.c", "paf.vec1", "paf.vec2"]}
{"message": null, "levelname": "INFO", "name": "openpifpaf.network.trainer", "asctime": "2019-11-11 22:28:41,638", "type": "train", "epoch": 0, "batch": 0, "n_batches": 1, "time": 0.109, "data_time": 2.193, "lr": 1e-05, "loss": 58.649, "head_losses": [0.686, 0.339, 0.052, 0.697, 0.405, 0.404]}
{"message": "applying ema", "levelname": "INFO", "name": "openpifpaf.network.trainer", "asctime": "2019-11-11 22:28:41,675"}
{"message": null, "levelname": "INFO", "name": "openpifpaf.network.trainer", "asctime": "2019-11-11 22:28:41,683", "type": "train-epoch", "epoch": 1, "loss": 58.64875, "head_losses": [0.68613, 0.33913, 0.05197, 0.69715, 0.40461, 0.40379], "time": 2.3}
{"message": null, "levelname": "INFO", "name": "openpifpaf.network.trainer", "asctime": "2019-11-11 22:28:44,016", "type": "val-epoch", "epoch": 1, "loss": 61.10233, "head_losses": [0.68645, 0.37456, 0.10315, 0.69734, 0.77322, 0.78898], "time": 2.3}
{"message": "restoring params from before ema", "levelname": "INFO", "name": "openpifpaf.network.trainer", "asctime": "2019-11-11 22:28:44,018"}
{"message": null, "levelname": "INFO", "name": "openpifpaf.network.trainer", "asctime": "2019-11-11 22:28:46,266", "type": "train", "epoch": 1, "batch": 0, "n_batches": 1, "time": 0.099, "data_time": 2.146, "lr": 4.642e-05, "loss": 59.425, "head_losses": [0.686, 0.387, 0.059, 0.697, 0.512, 0.516]}
{"message": "applying ema", "levelname": "INFO", "name": "openpifpaf.network.trainer", "asctime": "2019-11-11 22:28:46,318"}
{"message": null, "levelname": "INFO", "name": "openpifpaf.network.trainer", "asctime": "2019-11-11 22:28:46,328", "type": "train-epoch", "epoch": 2, "loss": 59.42498, "head_losses": [0.68613, 0.38749, 0.05911, 0.69728, 0.51161, 0.51636], "time": 2.3}
{"message": null, "levelname": "INFO", "name": "openpifpaf.network.trainer", "asctime": "2019-11-11 22:28:48,657", "type": "val-epoch", "epoch": 2, "loss": 61.48287, "head_losses": [0.68633, 0.3917, 0.10535, 0.69727, 0.83672, 0.84172], "time": 2.3}
{"message": "restoring params from before ema", "levelname": "INFO", "name": "openpifpaf.network.trainer", "asctime": "2019-11-11 22:28:48,659"}
{"message": null, "levelname": "INFO", "name": "openpifpaf.network.trainer", "asctime": "2019-11-11 22:28:50,941", "type": "train", "epoch": 2, "batch": 0, "n_batches": 1, "time": 0.094, "data_time": 2.186, "lr": 0.00021544, "loss": 59.795, "head_losses": [0.686, 0.364, 0.07, 0.697, 0.578, 0.588]}
{"message": "applying ema", "levelname": "INFO", "name": "openpifpaf.network.trainer", "asctime": "2019-11-11 22:28:50,979"}
{"message": null, "levelname": "INFO", "name": "openpifpaf.network.trainer", "asctime": "2019-11-11 22:28:50,987", "type": "train-epoch", "epoch": 3, "loss": 59.79501, "head_losses": [0.68602, 0.36432, 0.07001, 0.69697, 0.57821, 0.58759], "time": 2.3}
{"message": null, "levelname": "INFO", "name": "openpifpaf.network.trainer", "asctime": "2019-11-11 22:28:53,296", "type": "val-epoch", "epoch": 3, "loss": 62.463, "head_losses": [0.68578, 0.36129, 0.10128, 0.69655, 1.02774, 1.01791], "time": 2.2}
{"message": "restoring params from before ema", "levelname": "INFO", "name": "openpifpaf.network.trainer", "asctime": "2019-11-11 22:28:53,298"}
{"message": null, "levelname": "INFO", "name": "openpifpaf.network.trainer", "asctime": "2019-11-11 22:28:55,592", "type": "train", "epoch": 3, "batch": 0, "n_batches": 1, "time": 0.094, "data_time": 2.197, "lr": 0.001, "loss": 59.635, "head_losses": [0.686, 0.328, 0.064, 0.696, 0.583, 0.575]}
{"message": "applying ema", "levelname": "INFO", "name": "openpifpaf.network.trainer", "asctime": "2019-11-11 22:28:55,637"}
{"message": null, "levelname": "INFO", "name": "openpifpaf.network.trainer", "asctime": "2019-11-11 22:28:55,648", "type": "train-epoch", "epoch": 4, "loss": 59.63478, "head_losses": [0.68556, 0.32833, 0.06388, 0.69619, 0.58301, 0.57506], "time": 2.4}
{"message": null, "levelname": "INFO", "name": "openpifpaf.network.trainer", "asctime": "2019-11-11 22:28:57,972", "type": "val-epoch", "epoch": 4, "loss": 60.53539, "head_losses": [0.6821, 0.37375, 0.09756, 0.69215, 0.75315, 0.75426], "time": 2.3}
{"message": "restoring params from before ema", "levelname": "INFO", "name": "openpifpaf.network.trainer", "asctime": "2019-11-11 22:28:57,974"}
{"message": null, "levelname": "INFO", "name": "openpifpaf.network.trainer", "asctime": "2019-11-11 22:29:00,267", "type": "train", "epoch": 4, "batch": 0, "n_batches": 1, "time": 0.094, "data_time": 2.196, "lr": 0.001, "loss": 58.547, "head_losses": [0.682, 0.366, 0.058, 0.692, 0.437, 0.442]}
{"message": "applying ema", "levelname": "INFO", "name": "openpifpaf.network.trainer", "asctime": "2019-11-11 22:29:00,306"}
{"message": null, "levelname": "INFO", "name": "openpifpaf.network.trainer", "asctime": "2019-11-11 22:29:00,314", "type": "train-epoch", "epoch": 5, "loss": 58.54707, "head_losses": [0.68206, 0.36573, 0.05828, 0.69201, 0.43676, 0.44212], "time": 2.3}
{"message": null, "levelname": "INFO", "name": "openpifpaf.network.trainer", "asctime": "2019-11-11 22:29:02,649", "type": "val-epoch", "epoch": 5, "loss": 58.98154, "head_losses": [0.67803, 0.33725, 0.0868, 0.68719, 0.5716, 0.5728], "time": 2.3}
{"message": "restoring params from before ema", "levelname": "INFO", "name": "openpifpaf.network.trainer", "asctime": "2019-11-11 22:29:02,651"}
{"message": null, "levelname": "INFO", "name": "openpifpaf.network.trainer", "asctime": "2019-11-11 22:29:04,942", "type": "train", "epoch": 5, "batch": 0, "n_batches": 1, "time": 0.093, "data_time": 2.194, "lr": 0.001, "loss": 58.716, "head_losses": [0.678, 0.392, 0.067, 0.687, 0.519, 0.518]}
{"message": "applying ema", "levelname": "INFO", "name": "openpifpaf.network.trainer", "asctime": "2019-11-11 22:29:04,981"}
{"message": null, "levelname": "INFO", "name": "openpifpaf.network.trainer", "asctime": "2019-11-11 22:29:04,989", "type": "train-epoch", "epoch": 6, "loss": 58.7164, "head_losses": [0.67795, 0.39224, 0.06685, 0.68696, 0.51923, 0.51793], "time": 2.3}
{"message": null, "levelname": "INFO", "name": "openpifpaf.network.trainer", "asctime": "2019-11-11 22:29:07,334", "type": "val-epoch", "epoch": 6, "loss": 61.73677, "head_losses": [0.67317, 0.38404, 0.11329, 0.68134, 1.0861, 1.07394], "time": 2.3}
{"message": "restoring params from before ema", "levelname": "INFO", "name": "openpifpaf.network.trainer", "asctime": "2019-11-11 22:29:07,335"}
{"message": null, "levelname": "INFO", "name": "openpifpaf.network.trainer", "asctime": "2019-11-11 22:29:09,639", "type": "train", "epoch": 6, "batch": 0, "n_batches": 1, "time": 0.093, "data_time": 2.208, "lr": 0.001, "loss": 58.02, "head_losses": [0.673, 0.365, 0.064, 0.681, 0.487, 0.493]}
{"message": "applying ema", "levelname": "INFO", "name": "openpifpaf.network.trainer", "asctime": "2019-11-11 22:29:09,675"}
{"message": null, "levelname": "INFO", "name": "openpifpaf.network.trainer", "asctime": "2019-11-11 22:29:09,686", "type": "train-epoch", "epoch": 7, "loss": 58.02042, "head_losses": [0.67266, 0.3651, 0.06417, 0.68083, 0.48671, 0.49338], "time": 2.4}
{"message": null, "levelname": "INFO", "name": "openpifpaf.network.trainer", "asctime": "2019-11-11 22:29:12,048", "type": "val-epoch", "epoch": 7, "loss": 58.44489, "head_losses": [0.66581, 0.33313, 0.08417, 0.67282, 0.6752, 0.65649], "time": 2.3}
{"message": "restoring params from before ema", "levelname": "INFO", "name": "openpifpaf.network.trainer", "asctime": "2019-11-11 22:29:12,049"}
